c:\users\slave\documents\github\bluearchive\framework\client\default\x64\release\client.pch
c:\users\slave\documents\github\bluearchive\framework\client\default\x64\release\vc140.pdb
c:\users\slave\documents\github\bluearchive\framework\client\default\x64\release\stdafx.obj
c:\users\slave\documents\github\bluearchive\framework\client\default\x64\release\formation_idle.obj
c:\users\slave\documents\github\bluearchive\framework\client\default\x64\release\forklift.obj
c:\users\slave\documents\github\bluearchive\framework\client\default\x64\release\fire.obj
c:\users\slave\documents\github\bluearchive\framework\client\default\x64\release\fade_out.obj
c:\users\slave\documents\github\bluearchive\framework\client\default\x64\release\fade_inout.obj
c:\users\slave\documents\github\bluearchive\framework\client\default\x64\release\ex_cutin.obj
c:\users\slave\documents\github\bluearchive\framework\client\default\x64\release\ex.obj
c:\users\slave\documents\github\bluearchive\framework\client\default\x64\release\city.obj
c:\users\slave\documents\github\bluearchive\framework\client\default\x64\release\camera_main.obj
c:\users\slave\documents\github\bluearchive\framework\client\default\x64\release\camera_gacha.obj
c:\users\slave\documents\github\bluearchive\framework\client\default\x64\release\camera_free.obj
c:\users\slave\documents\github\bluearchive\framework\client\default\x64\release\camera_ex.obj
c:\users\slave\documents\github\bluearchive\framework\client\default\x64\release\bg_lobby.obj
c:\users\slave\documents\github\bluearchive\framework\client\default\x64\release\back_btn.obj
c:\users\slave\documents\github\bluearchive\framework\client\default\x64\release\background.obj
c:\users\slave\documents\github\bluearchive\framework\client\default\x64\release\aru_ex.obj
c:\users\slave\documents\github\bluearchive\framework\client\default\x64\release\aru.obj
c:\users\slave\documents\github\bluearchive\framework\client\default\x64\release\arona_sack.obj
c:\users\slave\documents\github\bluearchive\framework\client\default\x64\release\arona_cam.obj
c:\users\slave\documents\github\bluearchive\framework\client\default\x64\release\arona.obj
c:\users\slave\documents\github\bluearchive\framework\client\default\x64\release\mainapp.obj
c:\users\slave\documents\github\bluearchive\framework\client\default\x64\release\loadingimage.obj
c:\users\slave\documents\github\bluearchive\framework\client\default\x64\release\loader.obj
c:\users\slave\documents\github\bluearchive\framework\client\default\x64\release\level_logo.obj
c:\users\slave\documents\github\bluearchive\framework\client\default\x64\release\level_lobby.obj
c:\users\slave\documents\github\bluearchive\framework\client\default\x64\release\level_loading.obj
c:\users\slave\documents\github\bluearchive\framework\client\default\x64\release\level_gameplay.obj
c:\users\slave\documents\github\bluearchive\framework\client\default\x64\release\level_gacha.obj
c:\users\slave\documents\github\bluearchive\framework\client\default\x64\release\level_formation.obj
c:\users\slave\documents\github\bluearchive\framework\client\default\x64\release\knee_zoomstart.obj
c:\users\slave\documents\github\bluearchive\framework\client\default\x64\release\knee_zoomfire.obj
c:\users\slave\documents\github\bluearchive\framework\client\default\x64\release\knee_zoomend.obj
c:\users\slave\documents\github\bluearchive\framework\client\default\x64\release\knee_reload.obj
c:\users\slave\documents\github\bluearchive\framework\client\default\x64\release\hide_reloadstart.obj
c:\users\slave\documents\github\bluearchive\framework\client\default\x64\release\hide_reloading.obj
c:\users\slave\documents\github\bluearchive\framework\client\default\x64\release\hide_idle.obj
c:\users\slave\documents\github\bluearchive\framework\client\default\x64\release\hide_firestart.obj
c:\users\slave\documents\github\bluearchive\framework\client\default\x64\release\gacha_scene.obj
c:\users\slave\documents\github\bluearchive\framework\client\default\x64\release\formation_terrain.obj
c:\users\slave\documents\github\bluearchive\framework\client\default\x64\release\formation_pick.obj
c:\users\slave\documents\github\bluearchive\framework\client\default\x64\release\client.obj
c:\users\slave\documents\github\bluearchive\framework\client\default\x64\release\run_tohide.obj
c:\users\slave\documents\github\bluearchive\framework\client\default\x64\release\work_button.obj
c:\users\slave\documents\github\bluearchive\framework\client\default\x64\release\ui_recruitbutton.obj
c:\users\slave\documents\github\bluearchive\framework\client\default\x64\release\ui.obj
c:\users\slave\documents\github\bluearchive\framework\client\default\x64\release\terrain.obj
c:\users\slave\documents\github\bluearchive\framework\client\default\x64\release\student_img.obj
c:\users\slave\documents\github\bluearchive\framework\client\default\x64\release\student.obj
c:\users\slave\documents\github\bluearchive\framework\client\default\x64\release\state.obj
c:\users\slave\documents\github\bluearchive\framework\client\default\x64\release\sky.obj
c:\users\slave\documents\github\bluearchive\framework\client\default\x64\release\sensei.obj
c:\users\slave\documents\github\bluearchive\framework\client\default\x64\release\run_toknee.obj
c:\users\slave\documents\github\bluearchive\framework\client\default\x64\release\run_sign.obj
c:\users\slave\documents\github\bluearchive\framework\client\default\x64\release\run.obj
c:\users\slave\documents\github\bluearchive\framework\client\default\x64\release\mutsuki.obj
c:\users\slave\documents\github\bluearchive\framework\client\default\x64\release\monster.obj
c:\users\slave\documents\github\bluearchive\framework\client\bin\shader_vtxanimmodel.cso
c:\users\slave\documents\github\bluearchive\framework\client\bin\shader_vtxcubetex.cso
c:\users\slave\documents\github\bluearchive\framework\client\bin\shader_vtxmodel.cso
c:\users\slave\documents\github\bluearchive\framework\client\bin\shader_vtxnortex.cso
c:\users\slave\documents\github\bluearchive\framework\client\bin\shader_vtxtex.cso
c:\users\slave\documents\github\bluearchive\framework\client\bin\client.exe
c:\users\slave\documents\github\bluearchive\framework\client\bin\client.ipdb
c:\users\slave\documents\github\bluearchive\framework\client\bin\client.iobj
c:\users\slave\documents\github\bluearchive\framework\client\bin\client.pdb
c:\users\slave\documents\github\bluearchive\framework\client\default\x64\release\client.res
c:\users\slave\documents\github\bluearchive\framework\client\default\..\bin\client.exe
c:\users\slave\documents\github\bluearchive\framework\client\default\x64\release\client.tlog\cl.command.1.tlog
c:\users\slave\documents\github\bluearchive\framework\client\default\x64\release\client.tlog\cl.read.1.tlog
c:\users\slave\documents\github\bluearchive\framework\client\default\x64\release\client.tlog\cl.write.1.tlog
c:\users\slave\documents\github\bluearchive\framework\client\default\x64\release\client.tlog\client.write.1u.tlog
c:\users\slave\documents\github\bluearchive\framework\client\default\x64\release\client.tlog\fxc.command.1.tlog
c:\users\slave\documents\github\bluearchive\framework\client\default\x64\release\client.tlog\fxc.read.1.tlog
c:\users\slave\documents\github\bluearchive\framework\client\default\x64\release\client.tlog\fxc.write.1.tlog
c:\users\slave\documents\github\bluearchive\framework\client\default\x64\release\client.tlog\link.command.1.tlog
c:\users\slave\documents\github\bluearchive\framework\client\default\x64\release\client.tlog\link.read.1.tlog
c:\users\slave\documents\github\bluearchive\framework\client\default\x64\release\client.tlog\link.write.1.tlog
c:\users\slave\documents\github\bluearchive\framework\client\default\x64\release\client.tlog\rc.command.1.tlog
c:\users\slave\documents\github\bluearchive\framework\client\default\x64\release\client.tlog\rc.read.1.tlog
c:\users\slave\documents\github\bluearchive\framework\client\default\x64\release\client.tlog\rc.write.1.tlog
