c:\users\slave\documents\github\bluearchive\framework\engine\default\x64\release\vc140.pdb
c:\users\slave\documents\github\bluearchive\framework\engine\default\x64\release\level.obj
c:\users\slave\documents\github\bluearchive\framework\engine\default\x64\release\layer.obj
c:\users\slave\documents\github\bluearchive\framework\engine\default\x64\release\key_manager.obj
c:\users\slave\documents\github\bluearchive\framework\engine\default\x64\release\input_device.obj
c:\users\slave\documents\github\bluearchive\framework\engine\default\x64\release\hierarchynode.obj
c:\users\slave\documents\github\bluearchive\framework\engine\default\x64\release\graphic_device.obj
c:\users\slave\documents\github\bluearchive\framework\engine\default\x64\release\gameobject.obj
c:\users\slave\documents\github\bluearchive\framework\engine\default\x64\release\gameinstance.obj
c:\users\slave\documents\github\bluearchive\framework\engine\default\x64\release\font_manager.obj
c:\users\slave\documents\github\bluearchive\framework\engine\default\x64\release\event_manager.obj
c:\users\slave\documents\github\bluearchive\framework\engine\default\x64\release\engine_struct.obj
c:\users\slave\documents\github\bluearchive\framework\engine\default\x64\release\debugdraw.obj
c:\users\slave\documents\github\bluearchive\framework\engine\default\x64\release\customfont.obj
c:\users\slave\documents\github\bluearchive\framework\engine\default\x64\release\component_manager.obj
c:\users\slave\documents\github\bluearchive\framework\engine\default\x64\release\component.obj
c:\users\slave\documents\github\bluearchive\framework\engine\default\x64\release\channel.obj
c:\users\slave\documents\github\bluearchive\framework\engine\default\x64\release\camera.obj
c:\users\slave\documents\github\bluearchive\framework\engine\default\x64\release\base.obj
c:\users\slave\documents\github\bluearchive\framework\engine\default\x64\release\animation.obj
c:\users\slave\documents\github\bluearchive\framework\engine\default\x64\release\vibuffer_terrain.obj
c:\users\slave\documents\github\bluearchive\framework\engine\default\x64\release\vibuffer_rect.obj
c:\users\slave\documents\github\bluearchive\framework\engine\default\x64\release\vibuffer_cube.obj
c:\users\slave\documents\github\bluearchive\framework\engine\default\x64\release\vibuffer.obj
c:\users\slave\documents\github\bluearchive\framework\engine\default\x64\release\transform.obj
c:\users\slave\documents\github\bluearchive\framework\engine\default\x64\release\timer_manager.obj
c:\users\slave\documents\github\bluearchive\framework\engine\default\x64\release\timer.obj
c:\users\slave\documents\github\bluearchive\framework\engine\default\x64\release\texture.obj
c:\users\slave\documents\github\bluearchive\framework\engine\default\x64\release\shader.obj
c:\users\slave\documents\github\bluearchive\framework\engine\default\x64\release\renderer.obj
c:\users\slave\documents\github\bluearchive\framework\engine\default\x64\release\pipeline.obj
c:\users\slave\documents\github\bluearchive\framework\engine\default\x64\release\picking.obj
c:\users\slave\documents\github\bluearchive\framework\engine\default\x64\release\object_manager.obj
c:\users\slave\documents\github\bluearchive\framework\engine\default\x64\release\meshcontainer.obj
c:\users\slave\documents\github\bluearchive\framework\engine\default\x64\release\light_manager.obj
c:\users\slave\documents\github\bluearchive\framework\engine\default\x64\release\light.obj
c:\users\slave\documents\github\bluearchive\framework\engine\default\x64\release\level_manager.obj
c:\users\slave\documents\github\bluearchive\framework\engine\default\..\bin\engine.dll
c:\users\slave\documents\github\bluearchive\framework\engine\default\x64\release\engine.tlog\cl.command.1.tlog
c:\users\slave\documents\github\bluearchive\framework\engine\default\x64\release\engine.tlog\cl.read.1.tlog
c:\users\slave\documents\github\bluearchive\framework\engine\default\x64\release\engine.tlog\cl.write.1.tlog
