  Base.cpp
  Camera.cpp
  Component.cpp
  Component_Manager.cpp
  GameInstance.cpp
  GameObject.cpp
  Graphic_Device.cpp
  Input_Device.cpp
  Layer.cpp
  Level.cpp
  Level_Manager.cpp
  Object_Manager.cpp
  Renderer.cpp
  Shader.cpp
  Texture.cpp
  Timer.cpp
c:\users\slave\documents\github\bluearchive\framework\engine\public\gameobject.h(39): warning C4251: 'Engine::CGameObject::m_Components': class 'std::map<const Engine::_tchar *,Engine::CComponent *,std::less<_Kty>,std::allocator<std::pair<const _Kty,_Ty>>>'에서는 class 'Engine::CGameObject'의 클라이언트에서 DLL 인터페이스를 사용하도록 지정해야 합니다.
          with
          [
              _Kty=const Engine::_tchar *,
              _Ty=Engine::CComponent *
          ] (소스 파일 컴파일 중 ..\Private\Camera.cpp)
  c:\users\slave\documents\github\bluearchive\framework\engine\public\gameobject.h(39): note: 'std::map<const Engine::_tchar *,Engine::CComponent *,std::less<_Kty>,std::allocator<std::pair<const _Kty,_Ty>>>' 선언을 참조하십시오.
          with
          [
              _Kty=const Engine::_tchar *,
              _Ty=Engine::CComponent *
          ] (소스 파일 컴파일 중 ..\Private\Camera.cpp)
c:\users\slave\documents\github\bluearchive\framework\engine\public\gameobject.h(39): warning C4251: 'Engine::CGameObject::m_Components': class 'std::map<const Engine::_tchar *,Engine::CComponent *,std::less<_Kty>,std::allocator<std::pair<const _Kty,_Ty>>>'에서는 class 'Engine::CGameObject'의 클라이언트에서 DLL 인터페이스를 사용하도록 지정해야 합니다.
          with
          [
              _Kty=const Engine::_tchar *,
              _Ty=Engine::CComponent *
          ] (소스 파일 컴파일 중 ..\Private\GameObject.cpp)
  c:\users\slave\documents\github\bluearchive\framework\engine\public\gameobject.h(39): note: 'std::map<const Engine::_tchar *,Engine::CComponent *,std::less<_Kty>,std::allocator<std::pair<const _Kty,_Ty>>>' 선언을 참조하십시오.
          with
          [
              _Kty=const Engine::_tchar *,
              _Ty=Engine::CComponent *
          ] (소스 파일 컴파일 중 ..\Private\GameObject.cpp)
c:\users\slave\documents\github\bluearchive\framework\engine\private\graphic_device.cpp(43): warning C4244: '=': 'Engine::_uint'에서 'FLOAT'(으)로 변환하면서 데이터가 손실될 수 있습니다.
c:\users\slave\documents\github\bluearchive\framework\engine\private\graphic_device.cpp(44): warning C4244: '=': 'Engine::_uint'에서 'FLOAT'(으)로 변환하면서 데이터가 손실될 수 있습니다.
c:\users\slave\documents\github\bluearchive\framework\engine\public\renderer.h(30): warning C4251: 'Engine::CRenderer::m_RenderObjects': class 'std::list<Engine::CGameObject *,std::allocator<_Ty>>'에서는 class 'Engine::CRenderer'의 클라이언트에서 DLL 인터페이스를 사용하도록 지정해야 합니다.
          with
          [
              _Ty=Engine::CGameObject *
          ] (소스 파일 컴파일 중 ..\Private\Renderer.cpp)
  c:\users\slave\documents\github\bluearchive\framework\engine\public\renderer.h(30): note: 'std::list<Engine::CGameObject *,std::allocator<_Ty>>' 선언을 참조하십시오.
          with
          [
              _Ty=Engine::CGameObject *
          ] (소스 파일 컴파일 중 ..\Private\Renderer.cpp)
c:\users\slave\documents\github\bluearchive\framework\engine\public\shader.h(35): warning C4251: 'Engine::CShader::m_Passes': class 'std::vector<Engine::CShader::PASSDESC,std::allocator<_Ty>>'에서는 class 'Engine::CShader'의 클라이언트에서 DLL 인터페이스를 사용하도록 지정해야 합니다.
          with
          [
              _Ty=Engine::CShader::PASSDESC
          ] (소스 파일 컴파일 중 ..\Private\Component_Manager.cpp)
  c:\users\slave\documents\github\bluearchive\framework\engine\public\shader.h(35): note: 'std::vector<Engine::CShader::PASSDESC,std::allocator<_Ty>>' 선언을 참조하십시오.
          with
          [
              _Ty=Engine::CShader::PASSDESC
          ] (소스 파일 컴파일 중 ..\Private\Component_Manager.cpp)
c:\users\slave\documents\github\bluearchive\framework\engine\public\gameobject.h(39): warning C4251: 'Engine::CGameObject::m_Components': class 'std::map<const Engine::_tchar *,Engine::CComponent *,std::less<_Kty>,std::allocator<std::pair<const _Kty,_Ty>>>'에서는 class 'Engine::CGameObject'의 클라이언트에서 DLL 인터페이스를 사용하도록 지정해야 합니다.
          with
          [
              _Kty=const Engine::_tchar *,
              _Ty=Engine::CComponent *
          ] (소스 파일 컴파일 중 ..\Private\Object_Manager.cpp)
  c:\users\slave\documents\github\bluearchive\framework\engine\public\gameobject.h(39): note: 'std::map<const Engine::_tchar *,Engine::CComponent *,std::less<_Kty>,std::allocator<std::pair<const _Kty,_Ty>>>' 선언을 참조하십시오.
          with
          [
              _Kty=const Engine::_tchar *,
              _Ty=Engine::CComponent *
          ] (소스 파일 컴파일 중 ..\Private\Object_Manager.cpp)
c:\users\slave\documents\github\bluearchive\framework\engine\public\gameobject.h(39): warning C4251: 'Engine::CGameObject::m_Components': class 'std::map<const Engine::_tchar *,Engine::CComponent *,std::less<_Kty>,std::allocator<std::pair<const _Kty,_Ty>>>'에서는 class 'Engine::CGameObject'의 클라이언트에서 DLL 인터페이스를 사용하도록 지정해야 합니다.
          with
          [
              _Kty=const Engine::_tchar *,
              _Ty=Engine::CComponent *
          ] (소스 파일 컴파일 중 ..\Private\Layer.cpp)
  c:\users\slave\documents\github\bluearchive\framework\engine\public\gameobject.h(39): note: 'std::map<const Engine::_tchar *,Engine::CComponent *,std::less<_Kty>,std::allocator<std::pair<const _Kty,_Ty>>>' 선언을 참조하십시오.
          with
          [
              _Kty=const Engine::_tchar *,
              _Ty=Engine::CComponent *
          ] (소스 파일 컴파일 중 ..\Private\Layer.cpp)
c:\users\slave\documents\github\bluearchive\framework\engine\public\shader.h(35): warning C4251: 'Engine::CShader::m_Passes': class 'std::vector<Engine::CShader::PASSDESC,std::allocator<_Ty>>'에서는 class 'Engine::CShader'의 클라이언트에서 DLL 인터페이스를 사용하도록 지정해야 합니다.
          with
          [
              _Ty=Engine::CShader::PASSDESC
          ] (소스 파일 컴파일 중 ..\Private\Camera.cpp)
  c:\users\slave\documents\github\bluearchive\framework\engine\public\shader.h(35): note: 'std::vector<Engine::CShader::PASSDESC,std::allocator<_Ty>>' 선언을 참조하십시오.
          with
          [
              _Ty=Engine::CShader::PASSDESC
          ] (소스 파일 컴파일 중 ..\Private\Camera.cpp)
c:\users\slave\documents\github\bluearchive\framework\engine\public\shader.h(35): warning C4251: 'Engine::CShader::m_Passes': class 'std::vector<Engine::CShader::PASSDESC,std::allocator<_Ty>>'에서는 class 'Engine::CShader'의 클라이언트에서 DLL 인터페이스를 사용하도록 지정해야 합니다.
          with
          [
              _Ty=Engine::CShader::PASSDESC
          ] (소스 파일 컴파일 중 ..\Private\Shader.cpp)
  c:\users\slave\documents\github\bluearchive\framework\engine\public\shader.h(35): note: 'std::vector<Engine::CShader::PASSDESC,std::allocator<_Ty>>' 선언을 참조하십시오.
          with
          [
              _Ty=Engine::CShader::PASSDESC
          ] (소스 파일 컴파일 중 ..\Private\Shader.cpp)
c:\users\slave\documents\github\bluearchive\framework\engine\public\shader.h(35): warning C4251: 'Engine::CShader::m_Passes': class 'std::vector<Engine::CShader::PASSDESC,std::allocator<_Ty>>'에서는 class 'Engine::CShader'의 클라이언트에서 DLL 인터페이스를 사용하도록 지정해야 합니다.
          with
          [
              _Ty=Engine::CShader::PASSDESC
          ] (소스 파일 컴파일 중 ..\Private\Level_Manager.cpp)
  c:\users\slave\documents\github\bluearchive\framework\engine\public\shader.h(35): note: 'std::vector<Engine::CShader::PASSDESC,std::allocator<_Ty>>' 선언을 참조하십시오.
          with
          [
              _Ty=Engine::CShader::PASSDESC
          ] (소스 파일 컴파일 중 ..\Private\Level_Manager.cpp)
c:\users\slave\documents\github\bluearchive\framework\engine\public\shader.h(35): warning C4251: 'Engine::CShader::m_Passes': class 'std::vector<Engine::CShader::PASSDESC,std::allocator<_Ty>>'에서는 class 'Engine::CShader'의 클라이언트에서 DLL 인터페이스를 사용하도록 지정해야 합니다.
          with
          [
              _Ty=Engine::CShader::PASSDESC
          ] (소스 파일 컴파일 중 ..\Private\GameObject.cpp)
  c:\users\slave\documents\github\bluearchive\framework\engine\public\shader.h(35): note: 'std::vector<Engine::CShader::PASSDESC,std::allocator<_Ty>>' 선언을 참조하십시오.
          with
          [
              _Ty=Engine::CShader::PASSDESC
          ] (소스 파일 컴파일 중 ..\Private\GameObject.cpp)
c:\users\slave\documents\github\bluearchive\framework\engine\public\shader.h(35): warning C4251: 'Engine::CShader::m_Passes': class 'std::vector<Engine::CShader::PASSDESC,std::allocator<_Ty>>'에서는 class 'Engine::CShader'의 클라이언트에서 DLL 인터페이스를 사용하도록 지정해야 합니다.
          with
          [
              _Ty=Engine::CShader::PASSDESC
          ] (소스 파일 컴파일 중 ..\Private\GameInstance.cpp)
  c:\users\slave\documents\github\bluearchive\framework\engine\public\shader.h(35): note: 'std::vector<Engine::CShader::PASSDESC,std::allocator<_Ty>>' 선언을 참조하십시오.
          with
          [
              _Ty=Engine::CShader::PASSDESC
          ] (소스 파일 컴파일 중 ..\Private\GameInstance.cpp)
c:\users\slave\documents\github\bluearchive\framework\engine\public\texture.h(22): warning C4251: 'Engine::CTexture::m_SRVs': class 'std::vector<ID3D11ShaderResourceView *,std::allocator<_Ty>>'에서는 class 'Engine::CTexture'의 클라이언트에서 DLL 인터페이스를 사용하도록 지정해야 합니다.
          with
          [
              _Ty=ID3D11ShaderResourceView *
          ] (소스 파일 컴파일 중 ..\Private\Texture.cpp)
  c:\users\slave\documents\github\bluearchive\framework\engine\public\texture.h(22): note: 'std::vector<ID3D11ShaderResourceView *,std::allocator<_Ty>>' 선언을 참조하십시오.
          with
          [
              _Ty=ID3D11ShaderResourceView *
          ] (소스 파일 컴파일 중 ..\Private\Texture.cpp)
c:\users\slave\documents\github\bluearchive\framework\engine\public\texture.h(22): warning C4251: 'Engine::CTexture::m_SRVs': class 'std::vector<ID3D11ShaderResourceView *,std::allocator<_Ty>>'에서는 class 'Engine::CTexture'의 클라이언트에서 DLL 인터페이스를 사용하도록 지정해야 합니다.
          with
          [
              _Ty=ID3D11ShaderResourceView *
          ] (소스 파일 컴파일 중 ..\Private\Component_Manager.cpp)
  c:\users\slave\documents\github\bluearchive\framework\engine\public\texture.h(22): note: 'std::vector<ID3D11ShaderResourceView *,std::allocator<_Ty>>' 선언을 참조하십시오.
          with
          [
              _Ty=ID3D11ShaderResourceView *
          ] (소스 파일 컴파일 중 ..\Private\Component_Manager.cpp)
c:\users\slave\documents\github\bluearchive\framework\engine\public\texture.h(22): warning C4251: 'Engine::CTexture::m_SRVs': class 'std::vector<ID3D11ShaderResourceView *,std::allocator<_Ty>>'에서는 class 'Engine::CTexture'의 클라이언트에서 DLL 인터페이스를 사용하도록 지정해야 합니다.
          with
          [
              _Ty=ID3D11ShaderResourceView *
          ] (소스 파일 컴파일 중 ..\Private\Camera.cpp)
  c:\users\slave\documents\github\bluearchive\framework\engine\public\texture.h(22): note: 'std::vector<ID3D11ShaderResourceView *,std::allocator<_Ty>>' 선언을 참조하십시오.
          with
          [
              _Ty=ID3D11ShaderResourceView *
          ] (소스 파일 컴파일 중 ..\Private\Camera.cpp)
c:\users\slave\documents\github\bluearchive\framework\engine\public\texture.h(22): warning C4251: 'Engine::CTexture::m_SRVs': class 'std::vector<ID3D11ShaderResourceView *,std::allocator<_Ty>>'에서는 class 'Engine::CTexture'의 클라이언트에서 DLL 인터페이스를 사용하도록 지정해야 합니다.
          with
          [
              _Ty=ID3D11ShaderResourceView *
          ] (소스 파일 컴파일 중 ..\Private\GameObject.cpp)
  c:\users\slave\documents\github\bluearchive\framework\engine\public\texture.h(22): note: 'std::vector<ID3D11ShaderResourceView *,std::allocator<_Ty>>' 선언을 참조하십시오.
          with
          [
              _Ty=ID3D11ShaderResourceView *
          ] (소스 파일 컴파일 중 ..\Private\GameObject.cpp)
c:\users\slave\documents\github\bluearchive\framework\engine\public\texture.h(22): warning C4251: 'Engine::CTexture::m_SRVs': class 'std::vector<ID3D11ShaderResourceView *,std::allocator<_Ty>>'에서는 class 'Engine::CTexture'의 클라이언트에서 DLL 인터페이스를 사용하도록 지정해야 합니다.
          with
          [
              _Ty=ID3D11ShaderResourceView *
          ] (소스 파일 컴파일 중 ..\Private\Level_Manager.cpp)
  c:\users\slave\documents\github\bluearchive\framework\engine\public\texture.h(22): note: 'std::vector<ID3D11ShaderResourceView *,std::allocator<_Ty>>' 선언을 참조하십시오.
          with
          [
              _Ty=ID3D11ShaderResourceView *
          ] (소스 파일 컴파일 중 ..\Private\Level_Manager.cpp)
c:\users\slave\documents\github\bluearchive\framework\engine\public\gameobject.h(39): warning C4251: 'Engine::CGameObject::m_Components': class 'std::map<const Engine::_tchar *,Engine::CComponent *,std::less<_Kty>,std::allocator<std::pair<const _Kty,_Ty>>>'에서는 class 'Engine::CGameObject'의 클라이언트에서 DLL 인터페이스를 사용하도록 지정해야 합니다.
          with
          [
              _Kty=const Engine::_tchar *,
              _Ty=Engine::CComponent *
          ] (소스 파일 컴파일 중 ..\Private\Renderer.cpp)
  c:\users\slave\documents\github\bluearchive\framework\engine\public\gameobject.h(39): note: 'std::map<const Engine::_tchar *,Engine::CComponent *,std::less<_Kty>,std::allocator<std::pair<const _Kty,_Ty>>>' 선언을 참조하십시오.
          with
          [
              _Kty=const Engine::_tchar *,
              _Ty=Engine::CComponent *
          ] (소스 파일 컴파일 중 ..\Private\Renderer.cpp)
c:\users\slave\documents\github\bluearchive\framework\engine\public\texture.h(22): warning C4251: 'Engine::CTexture::m_SRVs': class 'std::vector<ID3D11ShaderResourceView *,std::allocator<_Ty>>'에서는 class 'Engine::CTexture'의 클라이언트에서 DLL 인터페이스를 사용하도록 지정해야 합니다.
          with
          [
              _Ty=ID3D11ShaderResourceView *
          ] (소스 파일 컴파일 중 ..\Private\GameInstance.cpp)
  c:\users\slave\documents\github\bluearchive\framework\engine\public\texture.h(22): note: 'std::vector<ID3D11ShaderResourceView *,std::allocator<_Ty>>' 선언을 참조하십시오.
          with
          [
              _Ty=ID3D11ShaderResourceView *
          ] (소스 파일 컴파일 중 ..\Private\GameInstance.cpp)
c:\users\slave\documents\github\bluearchive\framework\engine\public\renderer.h(30): warning C4251: 'Engine::CRenderer::m_RenderObjects': class 'std::list<Engine::CGameObject *,std::allocator<_Ty>>'에서는 class 'Engine::CRenderer'의 클라이언트에서 DLL 인터페이스를 사용하도록 지정해야 합니다.
          with
          [
              _Ty=Engine::CGameObject *
          ] (소스 파일 컴파일 중 ..\Private\Component_Manager.cpp)
  c:\users\slave\documents\github\bluearchive\framework\engine\public\renderer.h(30): note: 'std::list<Engine::CGameObject *,std::allocator<_Ty>>' 선언을 참조하십시오.
          with
          [
              _Ty=Engine::CGameObject *
          ] (소스 파일 컴파일 중 ..\Private\Component_Manager.cpp)
c:\users\slave\documents\github\bluearchive\framework\engine\public\renderer.h(30): warning C4251: 'Engine::CRenderer::m_RenderObjects': class 'std::list<Engine::CGameObject *,std::allocator<_Ty>>'에서는 class 'Engine::CRenderer'의 클라이언트에서 DLL 인터페이스를 사용하도록 지정해야 합니다.
          with
          [
              _Ty=Engine::CGameObject *
          ] (소스 파일 컴파일 중 ..\Private\Camera.cpp)
  c:\users\slave\documents\github\bluearchive\framework\engine\public\renderer.h(30): note: 'std::list<Engine::CGameObject *,std::allocator<_Ty>>' 선언을 참조하십시오.
          with
          [
              _Ty=Engine::CGameObject *
          ] (소스 파일 컴파일 중 ..\Private\Camera.cpp)
c:\users\slave\documents\github\bluearchive\framework\engine\public\renderer.h(30): warning C4251: 'Engine::CRenderer::m_RenderObjects': class 'std::list<Engine::CGameObject *,std::allocator<_Ty>>'에서는 class 'Engine::CRenderer'의 클라이언트에서 DLL 인터페이스를 사용하도록 지정해야 합니다.
          with
          [
              _Ty=Engine::CGameObject *
          ] (소스 파일 컴파일 중 ..\Private\Level_Manager.cpp)
  c:\users\slave\documents\github\bluearchive\framework\engine\public\renderer.h(30): note: 'std::list<Engine::CGameObject *,std::allocator<_Ty>>' 선언을 참조하십시오.
          with
          [
              _Ty=Engine::CGameObject *
          ] (소스 파일 컴파일 중 ..\Private\Level_Manager.cpp)
c:\users\slave\documents\github\bluearchive\framework\engine\public\shader.h(35): warning C4251: 'Engine::CShader::m_Passes': class 'std::vector<Engine::CShader::PASSDESC,std::allocator<_Ty>>'에서는 class 'Engine::CShader'의 클라이언트에서 DLL 인터페이스를 사용하도록 지정해야 합니다.
          with
          [
              _Ty=Engine::CShader::PASSDESC
          ] (소스 파일 컴파일 중 ..\Private\Texture.cpp)
  c:\users\slave\documents\github\bluearchive\framework\engine\public\shader.h(35): note: 'std::vector<Engine::CShader::PASSDESC,std::allocator<_Ty>>' 선언을 참조하십시오.
          with
          [
              _Ty=Engine::CShader::PASSDESC
          ] (소스 파일 컴파일 중 ..\Private\Texture.cpp)
c:\users\slave\documents\github\bluearchive\framework\engine\public\renderer.h(30): warning C4251: 'Engine::CRenderer::m_RenderObjects': class 'std::list<Engine::CGameObject *,std::allocator<_Ty>>'에서는 class 'Engine::CRenderer'의 클라이언트에서 DLL 인터페이스를 사용하도록 지정해야 합니다.
          with
          [
              _Ty=Engine::CGameObject *
          ] (소스 파일 컴파일 중 ..\Private\GameObject.cpp)
  c:\users\slave\documents\github\bluearchive\framework\engine\public\renderer.h(30): note: 'std::list<Engine::CGameObject *,std::allocator<_Ty>>' 선언을 참조하십시오.
          with
          [
              _Ty=Engine::CGameObject *
          ] (소스 파일 컴파일 중 ..\Private\GameObject.cpp)
c:\users\slave\documents\github\bluearchive\framework\engine\public\renderer.h(30): warning C4251: 'Engine::CRenderer::m_RenderObjects': class 'std::list<Engine::CGameObject *,std::allocator<_Ty>>'에서는 class 'Engine::CRenderer'의 클라이언트에서 DLL 인터페이스를 사용하도록 지정해야 합니다.
          with
          [
              _Ty=Engine::CGameObject *
          ] (소스 파일 컴파일 중 ..\Private\GameInstance.cpp)
  c:\users\slave\documents\github\bluearchive\framework\engine\public\renderer.h(30): note: 'std::list<Engine::CGameObject *,std::allocator<_Ty>>' 선언을 참조하십시오.
          with
          [
              _Ty=Engine::CGameObject *
          ] (소스 파일 컴파일 중 ..\Private\GameInstance.cpp)
c:\users\slave\documents\github\bluearchive\framework\engine\public\transform.h(62): warning C4251: 'Engine::CTransform::m_WorldMatrix': struct 'DirectX::XMFLOAT4X4'에서는 class 'Engine::CTransform'의 클라이언트에서 DLL 인터페이스를 사용하도록 지정해야 합니다. (소스 파일 컴파일 중 ..\Private\Component_Manager.cpp)
  c:\program files (x86)\windows kits\8.1\include\um\directxmath.h(685): note: 'DirectX::XMFLOAT4X4' 선언을 참조하십시오. (소스 파일 컴파일 중 ..\Private\Component_Manager.cpp)
c:\users\slave\documents\github\bluearchive\framework\engine\public\transform.h(62): warning C4251: 'Engine::CTransform::m_WorldMatrix': struct 'DirectX::XMFLOAT4X4'에서는 class 'Engine::CTransform'의 클라이언트에서 DLL 인터페이스를 사용하도록 지정해야 합니다. (소스 파일 컴파일 중 ..\Private\Camera.cpp)
  c:\program files (x86)\windows kits\8.1\include\um\directxmath.h(685): note: 'DirectX::XMFLOAT4X4' 선언을 참조하십시오. (소스 파일 컴파일 중 ..\Private\Camera.cpp)
c:\users\slave\documents\github\bluearchive\framework\engine\public\transform.h(62): warning C4251: 'Engine::CTransform::m_WorldMatrix': struct 'DirectX::XMFLOAT4X4'에서는 class 'Engine::CTransform'의 클라이언트에서 DLL 인터페이스를 사용하도록 지정해야 합니다. (소스 파일 컴파일 중 ..\Private\Level_Manager.cpp)
c:\users\slave\documents\github\bluearchive\framework\engine\public\transform.h(62): warning C4251: 'Engine::CTransform::m_WorldMatrix': struct 'DirectX::XMFLOAT4X4'에서는 class 'Engine::CTransform'의 클라이언트에서 DLL 인터페이스를 사용하도록 지정해야 합니다. (소스 파일 컴파일 중 ..\Private\GameObject.cpp)
  c:\program files (x86)\windows kits\8.1\include\um\directxmath.h(685): note: 'DirectX::XMFLOAT4X4' 선언을 참조하십시오. (소스 파일 컴파일 중 ..\Private\Level_Manager.cpp)
  c:\program files (x86)\windows kits\8.1\include\um\directxmath.h(685): note: 'DirectX::XMFLOAT4X4' 선언을 참조하십시오. (소스 파일 컴파일 중 ..\Private\GameObject.cpp)
c:\users\slave\documents\github\bluearchive\framework\engine\public\transform.h(62): warning C4251: 'Engine::CTransform::m_WorldMatrix': struct 'DirectX::XMFLOAT4X4'에서는 class 'Engine::CTransform'의 클라이언트에서 DLL 인터페이스를 사용하도록 지정해야 합니다. (소스 파일 컴파일 중 ..\Private\GameInstance.cpp)
  c:\program files (x86)\windows kits\8.1\include\um\directxmath.h(685): note: 'DirectX::XMFLOAT4X4' 선언을 참조하십시오. (소스 파일 컴파일 중 ..\Private\GameInstance.cpp)
  Timer_Manager.cpp
  Transform.cpp
  VIBuffer.cpp
  VIBuffer_Rect.cpp
  Engine_Struct.cpp
c:\users\slave\documents\github\bluearchive\framework\engine\public\transform.h(62): warning C4251: 'Engine::CTransform::m_WorldMatrix': struct 'DirectX::XMFLOAT4X4'에서는 class 'Engine::CTransform'의 클라이언트에서 DLL 인터페이스를 사용하도록 지정해야 합니다. (소스 파일 컴파일 중 ..\Private\Transform.cpp)
  c:\program files (x86)\windows kits\8.1\include\um\directxmath.h(685): note: 'DirectX::XMFLOAT4X4' 선언을 참조하십시오. (소스 파일 컴파일 중 ..\Private\Transform.cpp)
c:\users\slave\documents\github\bluearchive\framework\engine\public\shader.h(35): warning C4251: 'Engine::CShader::m_Passes': class 'std::vector<Engine::CShader::PASSDESC,std::allocator<_Ty>>'에서는 class 'Engine::CShader'의 클라이언트에서 DLL 인터페이스를 사용하도록 지정해야 합니다.
          with
          [
              _Ty=Engine::CShader::PASSDESC
          ] (소스 파일 컴파일 중 ..\Private\Transform.cpp)
  c:\users\slave\documents\github\bluearchive\framework\engine\public\shader.h(35): note: 'std::vector<Engine::CShader::PASSDESC,std::allocator<_Ty>>' 선언을 참조하십시오.
          with
          [
              _Ty=Engine::CShader::PASSDESC
          ] (소스 파일 컴파일 중 ..\Private\Transform.cpp)
     ..\Bin\Engine.lib 라이브러리 및 ..\Bin\Engine.exp 개체를 생성하고 있습니다.
Effects11d.lib(d3dxGlobal.obj) : warning LNK4099: 'Effects11d.pdb' PDB를 'Effects11d.lib(d3dxGlobal.obj)' 또는 'C:\Users\Slave\Documents\GitHub\BlueArchive\Framework\Engine\Bin\Effects11d.pdb'에서 찾을 수 없습니다. 디버그 정보가 없는 것처럼 개체를 링크합니다.
Effects11d.lib(EffectAPI.obj) : warning LNK4099: 'Effects11d.pdb' PDB를 'Effects11d.lib(EffectAPI.obj)' 또는 'C:\Users\Slave\Documents\GitHub\BlueArchive\Framework\Engine\Bin\Effects11d.pdb'에서 찾을 수 없습니다. 디버그 정보가 없는 것처럼 개체를 링크합니다.
Effects11d.lib(EffectLoad.obj) : warning LNK4099: 'Effects11d.pdb' PDB를 'Effects11d.lib(EffectLoad.obj)' 또는 'C:\Users\Slave\Documents\GitHub\BlueArchive\Framework\Engine\Bin\Effects11d.pdb'에서 찾을 수 없습니다. 디버그 정보가 없는 것처럼 개체를 링크합니다.
Effects11d.lib(EffectNonRuntime.obj) : warning LNK4099: 'Effects11d.pdb' PDB를 'Effects11d.lib(EffectNonRuntime.obj)' 또는 'C:\Users\Slave\Documents\GitHub\BlueArchive\Framework\Engine\Bin\Effects11d.pdb'에서 찾을 수 없습니다. 디버그 정보가 없는 것처럼 개체를 링크합니다.
Effects11d.lib(EffectReflection.obj) : warning LNK4099: 'Effects11d.pdb' PDB를 'Effects11d.lib(EffectReflection.obj)' 또는 'C:\Users\Slave\Documents\GitHub\BlueArchive\Framework\Engine\Bin\Effects11d.pdb'에서 찾을 수 없습니다. 디버그 정보가 없는 것처럼 개체를 링크합니다.
Effects11d.lib(EffectRuntime.obj) : warning LNK4099: 'Effects11d.pdb' PDB를 'Effects11d.lib(EffectRuntime.obj)' 또는 'C:\Users\Slave\Documents\GitHub\BlueArchive\Framework\Engine\Bin\Effects11d.pdb'에서 찾을 수 없습니다. 디버그 정보가 없는 것처럼 개체를 링크합니다.
DirectXTKd.lib(DDSTextureLoader.obj) : warning LNK4099: 'DirectXTK.pdb' PDB를 'DirectXTKd.lib(DDSTextureLoader.obj)' 또는 'C:\Users\Slave\Documents\GitHub\BlueArchive\Framework\Engine\Bin\DirectXTK.pdb'에서 찾을 수 없습니다. 디버그 정보가 없는 것처럼 개체를 링크합니다.
DirectXTKd.lib(pch.obj) : warning LNK4099: 'DirectXTK.pdb' PDB를 'DirectXTKd.lib(pch.obj)' 또는 'C:\Users\Slave\Documents\GitHub\BlueArchive\Framework\Engine\Bin\DirectXTK.pdb'에서 찾을 수 없습니다. 디버그 정보가 없는 것처럼 개체를 링크합니다.
DirectXTKd.lib(WICTextureLoader.obj) : warning LNK4099: 'DirectXTK.pdb' PDB를 'DirectXTKd.lib(WICTextureLoader.obj)' 또는 'C:\Users\Slave\Documents\GitHub\BlueArchive\Framework\Engine\Bin\DirectXTK.pdb'에서 찾을 수 없습니다. 디버그 정보가 없는 것처럼 개체를 링크합니다.
  Engine.vcxproj -> C:\Users\Slave\Documents\GitHub\BlueArchive\Framework\Engine\Default\..\Bin\Engine.dll
  Engine.vcxproj -> ..\Bin\Engine.pdb (Full PDB)
