c:\users\slave\documents\github\bluearchive\framework\engine\default\x64\debug\vc140.pdb
c:\users\slave\documents\github\bluearchive\framework\engine\default\x64\debug\vc140.idb
c:\users\slave\documents\github\bluearchive\framework\engine\default\x64\debug\input_device.obj
c:\users\slave\documents\github\bluearchive\framework\engine\default\x64\debug\layer.obj
c:\users\slave\documents\github\bluearchive\framework\engine\default\x64\debug\level.obj
c:\users\slave\documents\github\bluearchive\framework\engine\default\x64\debug\light.obj
c:\users\slave\documents\github\bluearchive\framework\engine\default\x64\debug\light_manager.obj
c:\users\slave\documents\github\bluearchive\framework\engine\default\x64\debug\object_manager.obj
c:\users\slave\documents\github\bluearchive\framework\engine\default\x64\debug\pipeline.obj
c:\users\slave\documents\github\bluearchive\framework\engine\default\x64\debug\renderer.obj
c:\users\slave\documents\github\bluearchive\framework\engine\default\x64\debug\shader.obj
c:\users\slave\documents\github\bluearchive\framework\engine\default\x64\debug\texture.obj
c:\users\slave\documents\github\bluearchive\framework\engine\default\x64\debug\timer.obj
c:\users\slave\documents\github\bluearchive\framework\engine\default\x64\debug\timer_manager.obj
c:\users\slave\documents\github\bluearchive\framework\engine\default\x64\debug\transform.obj
c:\users\slave\documents\github\bluearchive\framework\engine\default\x64\debug\vibuffer.obj
c:\users\slave\documents\github\bluearchive\framework\engine\default\x64\debug\vibuffer_cube.obj
c:\users\slave\documents\github\bluearchive\framework\engine\default\x64\debug\vibuffer_rect.obj
c:\users\slave\documents\github\bluearchive\framework\engine\default\x64\debug\vibuffer_terrain.obj
c:\users\slave\documents\github\bluearchive\framework\engine\default\x64\debug\base.obj
c:\users\slave\documents\github\bluearchive\framework\engine\default\x64\debug\collider.obj
c:\users\slave\documents\github\bluearchive\framework\engine\default\x64\debug\component.obj
c:\users\slave\documents\github\bluearchive\framework\engine\default\x64\debug\customfont.obj
c:\users\slave\documents\github\bluearchive\framework\engine\default\x64\debug\debugdraw.obj
c:\users\slave\documents\github\bluearchive\framework\engine\default\x64\debug\engine_struct.obj
c:\users\slave\documents\github\bluearchive\framework\engine\default\x64\debug\font_manager.obj
c:\users\slave\documents\github\bluearchive\framework\engine\default\x64\debug\graphic_device.obj
c:\users\slave\documents\github\bluearchive\framework\engine\default\x64\debug\hierarchynode.obj
c:\users\slave\documents\github\bluearchive\framework\engine\default\x64\debug\engine.tlog\cl.command.1.tlog
c:\users\slave\documents\github\bluearchive\framework\engine\default\x64\debug\engine.tlog\cl.read.1.tlog
c:\users\slave\documents\github\bluearchive\framework\engine\default\x64\debug\engine.tlog\cl.write.1.tlog
