c:\users\slave\documents\github\bluearchive\framework\client\default\x64\debug\client.pch
c:\users\slave\documents\github\bluearchive\framework\client\default\x64\debug\vc140.pdb
c:\users\slave\documents\github\bluearchive\framework\client\default\x64\debug\vc140.idb
c:\users\slave\documents\github\bluearchive\framework\client\default\x64\debug\stdafx.obj
c:\users\slave\documents\github\bluearchive\framework\client\default\x64\debug\m_landing.obj
c:\users\slave\documents\github\bluearchive\framework\client\default\x64\debug\m_run.obj
c:\users\slave\documents\github\bluearchive\framework\client\default\x64\debug\m_runend.obj
c:\users\slave\documents\github\bluearchive\framework\client\default\x64\debug\rifle_delay.obj
c:\users\slave\documents\github\bluearchive\framework\client\default\x64\debug\rifle_fire.obj
c:\users\slave\documents\github\bluearchive\framework\client\default\x64\debug\run.obj
c:\users\slave\documents\github\bluearchive\framework\client\default\x64\debug\run_sign.obj
c:\users\slave\documents\github\bluearchive\framework\client\default\x64\debug\run_toknee.obj
c:\users\slave\documents\github\bluearchive\framework\client\default\x64\debug\sensei.obj
c:\users\slave\documents\github\bluearchive\framework\client\default\x64\debug\sky.obj
c:\users\slave\documents\github\bluearchive\framework\client\default\x64\debug\state.obj
c:\users\slave\documents\github\bluearchive\framework\client\default\x64\debug\student.obj
c:\users\slave\documents\github\bluearchive\framework\client\default\x64\debug\student_img.obj
c:\users\slave\documents\github\bluearchive\framework\client\default\x64\debug\terrain.obj
c:\users\slave\documents\github\bluearchive\framework\client\default\x64\debug\ui.obj
c:\users\slave\documents\github\bluearchive\framework\client\default\x64\debug\ui_recruitbutton.obj
c:\users\slave\documents\github\bluearchive\framework\client\default\x64\debug\ui_student.obj
c:\users\slave\documents\github\bluearchive\framework\client\default\x64\debug\work_button.obj
c:\users\slave\documents\github\bluearchive\framework\client\default\x64\debug\run_tohide.obj
c:\users\slave\documents\github\bluearchive\framework\client\default\x64\debug\client.obj
c:\users\slave\documents\github\bluearchive\framework\client\default\x64\debug\knee_reload.obj
c:\users\slave\documents\github\bluearchive\framework\client\default\x64\debug\knee_zoomend.obj
c:\users\slave\documents\github\bluearchive\framework\client\default\x64\debug\knee_zoomfire.obj
c:\users\slave\documents\github\bluearchive\framework\client\default\x64\debug\knee_zoomstart.obj
c:\users\slave\documents\github\bluearchive\framework\client\default\x64\debug\level_formation.obj
c:\users\slave\documents\github\bluearchive\framework\client\default\x64\debug\level_gacha.obj
c:\users\slave\documents\github\bluearchive\framework\client\default\x64\debug\level_gameplay.obj
c:\users\slave\documents\github\bluearchive\framework\client\default\x64\debug\level_loading.obj
c:\users\slave\documents\github\bluearchive\framework\client\default\x64\debug\level_lobby.obj
c:\users\slave\documents\github\bluearchive\framework\client\default\x64\debug\level_logo.obj
c:\users\slave\documents\github\bluearchive\framework\client\default\x64\debug\loader.obj
c:\users\slave\documents\github\bluearchive\framework\client\default\x64\debug\loadingimage.obj
c:\users\slave\documents\github\bluearchive\framework\client\default\x64\debug\mainapp.obj
c:\users\slave\documents\github\bluearchive\framework\client\default\x64\debug\monster.obj
c:\users\slave\documents\github\bluearchive\framework\client\default\x64\debug\monster_state.obj
c:\users\slave\documents\github\bluearchive\framework\client\default\x64\debug\monster_trigger.obj
c:\users\slave\documents\github\bluearchive\framework\client\default\x64\debug\mutsuki.obj
c:\users\slave\documents\github\bluearchive\framework\client\default\x64\debug\mutsuki_ex.obj
c:\users\slave\documents\github\bluearchive\framework\client\default\x64\debug\m_atking.obj
c:\users\slave\documents\github\bluearchive\framework\client\default\x64\debug\m_atkstart.obj
c:\users\slave\documents\github\bluearchive\framework\client\default\x64\debug\fade_out.obj
c:\users\slave\documents\github\bluearchive\framework\client\default\x64\debug\fire.obj
c:\users\slave\documents\github\bluearchive\framework\client\default\x64\debug\forklift.obj
c:\users\slave\documents\github\bluearchive\framework\client\default\x64\debug\formation_idle.obj
c:\users\slave\documents\github\bluearchive\framework\client\default\x64\debug\formation_pick.obj
c:\users\slave\documents\github\bluearchive\framework\client\default\x64\debug\formation_terrain.obj
c:\users\slave\documents\github\bluearchive\framework\client\default\x64\debug\gacha_scene.obj
c:\users\slave\documents\github\bluearchive\framework\client\default\x64\debug\hide_firestart.obj
c:\users\slave\documents\github\bluearchive\framework\client\default\x64\debug\hide_idle.obj
c:\users\slave\documents\github\bluearchive\framework\client\default\x64\debug\hide_reloading.obj
c:\users\slave\documents\github\bluearchive\framework\client\default\x64\debug\hide_reloadstart.obj
c:\users\slave\documents\github\bluearchive\framework\client\default\x64\debug\imgui.obj
c:\users\slave\documents\github\bluearchive\framework\client\default\x64\debug\imgui_demo.obj
c:\users\slave\documents\github\bluearchive\framework\client\default\x64\debug\imgui_draw.obj
c:\users\slave\documents\github\bluearchive\framework\client\default\x64\debug\imgui_impl_dx11.obj
c:\users\slave\documents\github\bluearchive\framework\client\default\x64\debug\imgui_impl_win32.obj
c:\users\slave\documents\github\bluearchive\framework\client\default\x64\debug\imgui_manager.obj
c:\users\slave\documents\github\bluearchive\framework\client\default\x64\debug\imgui_tables.obj
c:\users\slave\documents\github\bluearchive\framework\client\default\x64\debug\imgui_widgets.obj
c:\users\slave\documents\github\bluearchive\framework\client\default\x64\debug\knee_idle.obj
c:\users\slave\documents\github\bluearchive\framework\client\default\x64\debug\arona_cam.obj
c:\users\slave\documents\github\bluearchive\framework\client\default\x64\debug\arona_sack.obj
c:\users\slave\documents\github\bluearchive\framework\client\default\x64\debug\aru.obj
c:\users\slave\documents\github\bluearchive\framework\client\default\x64\debug\aru_ex.obj
c:\users\slave\documents\github\bluearchive\framework\client\default\x64\debug\background.obj
c:\users\slave\documents\github\bluearchive\framework\client\default\x64\debug\back_btn.obj
c:\users\slave\documents\github\bluearchive\framework\client\default\x64\debug\bg_lobby.obj
c:\users\slave\documents\github\bluearchive\framework\client\default\x64\debug\camera_aru.obj
c:\users\slave\documents\github\bluearchive\framework\client\default\x64\debug\camera_ex.obj
c:\users\slave\documents\github\bluearchive\framework\client\default\x64\debug\camera_free.obj
c:\users\slave\documents\github\bluearchive\framework\client\default\x64\debug\camera_gacha.obj
c:\users\slave\documents\github\bluearchive\framework\client\default\x64\debug\camera_main.obj
c:\users\slave\documents\github\bluearchive\framework\client\default\x64\debug\camera_mutsuki.obj
c:\users\slave\documents\github\bluearchive\framework\client\default\x64\debug\city.obj
c:\users\slave\documents\github\bluearchive\framework\client\default\x64\debug\cost_gauge.obj
c:\users\slave\documents\github\bluearchive\framework\client\default\x64\debug\cost_gaugebg.obj
c:\users\slave\documents\github\bluearchive\framework\client\default\x64\debug\droid_dead.obj
c:\users\slave\documents\github\bluearchive\framework\client\default\x64\debug\ex.obj
c:\users\slave\documents\github\bluearchive\framework\client\default\x64\debug\ex_cutin.obj
c:\users\slave\documents\github\bluearchive\framework\client\default\x64\debug\fade_inout.obj
c:\users\slave\documents\github\bluearchive\framework\client\default\x64\debug\arona.obj
c:\users\slave\documents\github\bluearchive\framework\client\default\x64\debug\kayoko.obj
c:\users\slave\documents\github\bluearchive\framework\client\default\x64\debug\kayoko_ex.obj
c:\users\slave\documents\github\bluearchive\framework\client\default\x64\debug\camera_kayoko.obj
c:\users\slave\documents\github\bluearchive\framework\client\default\x64\debug\aru_exbullet.obj
c:\users\slave\documents\github\bluearchive\framework\client\default\x64\debug\mutsuki_exbullet.obj
c:\users\slave\documents\github\bluearchive\framework\client\bin\shader_vtxanimmodel.cso
c:\users\slave\documents\github\bluearchive\framework\client\bin\shader_vtxcubetex.cso
c:\users\slave\documents\github\bluearchive\framework\client\bin\shader_vtxmodel.cso
c:\users\slave\documents\github\bluearchive\framework\client\bin\shader_vtxnortex.cso
c:\users\slave\documents\github\bluearchive\framework\client\bin\shader_vtxtex.cso
c:\users\slave\documents\github\bluearchive\framework\client\default\x64\debug\client.res
c:\users\slave\documents\github\bluearchive\framework\client\default\x64\debug\aru_exbullet.obj.enc
c:\users\slave\documents\github\bluearchive\framework\client\default\x64\debug\ex.obj.enc
c:\users\slave\documents\github\bluearchive\framework\client\default\x64\debug\monster.obj.enc
c:\users\slave\documents\github\bluearchive\framework\client\default\x64\debug\sensei.obj.enc
c:\users\slave\documents\github\bluearchive\framework\client\default\x64\debug\client.tlog\cl.command.1.tlog
c:\users\slave\documents\github\bluearchive\framework\client\default\x64\debug\client.tlog\cl.read.1.tlog
c:\users\slave\documents\github\bluearchive\framework\client\default\x64\debug\client.tlog\cl.write.1.tlog
c:\users\slave\documents\github\bluearchive\framework\client\default\x64\debug\client.tlog\client.write.1u.tlog
c:\users\slave\documents\github\bluearchive\framework\client\default\x64\debug\client.tlog\fxc.command.1.tlog
c:\users\slave\documents\github\bluearchive\framework\client\default\x64\debug\client.tlog\fxc.read.1.tlog
c:\users\slave\documents\github\bluearchive\framework\client\default\x64\debug\client.tlog\fxc.write.1.tlog
c:\users\slave\documents\github\bluearchive\framework\client\default\x64\debug\client.tlog\link.command.1.tlog
c:\users\slave\documents\github\bluearchive\framework\client\default\x64\debug\client.tlog\link.read.1.tlog
c:\users\slave\documents\github\bluearchive\framework\client\default\x64\debug\client.tlog\link.write.1.tlog
c:\users\slave\documents\github\bluearchive\framework\client\default\x64\debug\client.tlog\rc.command.1.tlog
c:\users\slave\documents\github\bluearchive\framework\client\default\x64\debug\client.tlog\rc.read.1.tlog
c:\users\slave\documents\github\bluearchive\framework\client\default\x64\debug\client.tlog\rc.write.1.tlog
